[debug] [2024-10-08T13:50:23.251Z] : 
[debug] [2024-10-08T13:50:23.252Z] : ----------------------------------------------------------------------
[debug] [2024-10-08T13:50:23.252Z] : Command:      C:\Program Files\nodejs\node.exe C:\Users\vigne\AppData\Roaming\npm\node_modules\zcatalyst-cli\lib\bin\catalyst.js init --force
[debug] [2024-10-08T13:50:23.252Z] : CLI Version:  1.17.6
[debug] [2024-10-08T13:50:23.253Z] : Platform:     win32
[debug] [2024-10-08T13:50:23.253Z] : Node Version: v20.14.0
[debug] [2024-10-08T13:50:23.253Z] : Time:         Tue Oct 08 2024 19:20:23 GMT+0530 (India Standard Time)
[debug] [2024-10-08T13:50:23.253Z] : ----------------------------------------------------------------------
[debug] [2024-10-08T13:50:23.254Z] : 
[debug] [2024-10-08T13:50:23.797Z] : > authorizing via signed-in user option
[debug] [2024-10-08T13:50:23.797Z] : > command requires scopes: ["ZohoCatalyst.projects.ALL","ZohoCatalyst.projects.ALL","Stratus.sdkop.CREATE","Stratus.sdkop.READ","ZohoCatalyst.project.import.CREATE"]
[debug] [2024-10-08T13:50:23.809Z] : >>>> HTTP REQUEST : GET https://api.catalyst.zoho.in/baas/v1/project/6836000000111001 

[debug] [2024-10-08T13:50:24.011Z] : <<<< HTTP RESPONSE : 200
Response Headers: {"server":"ZGS","date":"Tue, 08 Oct 2024 13:50:24 GMT","content-type":"application/vnd.catalyst.v2+json","transfer-encoding":"chunked","connection":"keep-alive","set-cookie":["zalb_3a750b85f1=7c58023b2365c117e2ff9b6feb09efa2; Path=/; Secure; HttpOnly","ZD_CSRF_TOKEN=e4c54bbb-ccb8-4507-9959-88461b25e571;path=/;SameSite=None;Secure;priority=high","_zcsr_tmp=e4c54bbb-ccb8-4507-9959-88461b25e571;path=/;SameSite=Strict;Secure;priority=high"],"x-content-type-options":"nosniff","x-xss-protection":"1","cache-control":"private,no-cache,no-store,max-age=0,must-revalidate","pragma":"no-cache","expires":"Thu, 01 Jan 1970 00:00:00 GMT","x-frame-options":"DENY","strict-transport-security":"max-age=63072000"}

[debug] [2024-10-08T13:50:24.015Z] : >>>> HTTP REQUEST : GET https://api.catalyst.zoho.in/baas/v1/project/6836000000111001/environment 

[debug] [2024-10-08T13:50:24.080Z] : <<<< HTTP RESPONSE : 200
Response Headers: {"server":"ZGS","date":"Tue, 08 Oct 2024 13:50:24 GMT","content-type":"application/vnd.catalyst.v2+json","transfer-encoding":"chunked","connection":"keep-alive","set-cookie":["zalb_3a750b85f1=99131cfabfda186b4fe68a16fb8fedd6; Path=/; Secure; HttpOnly","ZD_CSRF_TOKEN=783eaffd-db16-41a6-8a58-b1cf8f95dbde;path=/;SameSite=None;Secure;priority=high","_zcsr_tmp=783eaffd-db16-41a6-8a58-b1cf8f95dbde;path=/;SameSite=Strict;Secure;priority=high"],"x-content-type-options":"nosniff","x-xss-protection":"1","cache-control":"private,no-cache,no-store,max-age=0,must-revalidate","pragma":"no-cache","expires":"Thu, 01 Jan 1970 00:00:00 GMT","x-frame-options":"DENY","strict-transport-security":"max-age=63072000"}

[info] [2024-10-08T13:50:24.088Z] : 
      ___  
      \  \     ____           _             _                 _   
   ___ \  \   / ___|   __ _  | |_    __ _  | |  _   _   ___  | |_ 
  /  / /  /  | |      / _` | | __|  / _` | | | | | | | / __| | __|
 /  / /__/   | |___  | (_| | | |_  | (_| | | | | |_| | \__ \ | |_ 
 \  \         \____|  \__,_|  \__|  \__,_| |_|  \__, | |___/  \__|
  \__\                                          |___/       

You're about to initialize a Catalyst project in this directory:

  C:\Users\vigne\Matrimony_app

Before we get started, keep in mind:

  * You are initializing in an existing Catalyst project directory

[debug] [2024-10-08T13:50:25.362Z] : >>>> HTTP REQUEST : GET https://api.catalyst.zoho.in/baas/v1/orgs 

[debug] [2024-10-08T13:50:25.408Z] : <<<< HTTP RESPONSE : 200
Response Headers: {"server":"ZGS","date":"Tue, 08 Oct 2024 13:50:26 GMT","content-type":"application/vnd.catalyst.v2+json","transfer-encoding":"chunked","connection":"keep-alive","set-cookie":["zalb_3a750b85f1=7c58023b2365c117e2ff9b6feb09efa2; Path=/; Secure; HttpOnly","ZD_CSRF_TOKEN=14e181da-f724-4fdb-95df-122097a8d2d6;path=/;SameSite=None;Secure;priority=high","_zcsr_tmp=14e181da-f724-4fdb-95df-122097a8d2d6;path=/;SameSite=Strict;Secure;priority=high"],"x-content-type-options":"nosniff","x-xss-protection":"1","cache-control":"private,no-cache,no-store,max-age=0,must-revalidate","pragma":"no-cache","expires":"Thu, 01 Jan 1970 00:00:00 GMT","x-frame-options":"DENY","strict-transport-security":"max-age=63072000"}

[info] [2024-10-08T13:50:25.410Z] : i Setting up a new default project for this folder

[debug] [2024-10-08T13:50:25.411Z] : >>>> HTTP REQUEST : GET https://api.catalyst.zoho.in/baas/v1/project 

[debug] [2024-10-08T13:50:25.468Z] : <<<< HTTP RESPONSE : 200
Response Headers: {"server":"ZGS","date":"Tue, 08 Oct 2024 13:50:26 GMT","content-type":"application/vnd.catalyst.v2+json","transfer-encoding":"chunked","connection":"keep-alive","set-cookie":["zalb_3a750b85f1=99131cfabfda186b4fe68a16fb8fedd6; Path=/; Secure; HttpOnly","ZD_CSRF_TOKEN=797cf197-e350-41aa-9fe4-2b89d054a771;path=/;SameSite=None;Secure;priority=high","_zcsr_tmp=797cf197-e350-41aa-9fe4-2b89d054a771;path=/;SameSite=Strict;Secure;priority=high"],"x-content-type-options":"nosniff","x-xss-protection":"1","cache-control":"private,no-cache,no-store,max-age=0,must-revalidate","pragma":"no-cache","expires":"Thu, 01 Jan 1970 00:00:00 GMT","x-frame-options":"DENY","strict-transport-security":"max-age=63072000"}

[debug] [2024-10-08T13:50:29.352Z] : >>>> HTTP REQUEST : GET https://api.catalyst.zoho.in/baas/v1/project/6836000000111001/environment 

[debug] [2024-10-08T13:50:29.399Z] : <<<< HTTP RESPONSE : 200
Response Headers: {"server":"ZGS","date":"Tue, 08 Oct 2024 13:50:30 GMT","content-type":"application/vnd.catalyst.v2+json","transfer-encoding":"chunked","connection":"keep-alive","set-cookie":["zalb_3a750b85f1=7c58023b2365c117e2ff9b6feb09efa2; Path=/; Secure; HttpOnly","ZD_CSRF_TOKEN=c936d51a-16fb-40a1-8c6b-883c2fd19bf3;path=/;SameSite=None;Secure;priority=high","_zcsr_tmp=c936d51a-16fb-40a1-8c6b-883c2fd19bf3;path=/;SameSite=Strict;Secure;priority=high"],"x-content-type-options":"nosniff","x-xss-protection":"1","cache-control":"private,no-cache,no-store,max-age=0,must-revalidate","pragma":"no-cache","expires":"Thu, 01 Jan 1970 00:00:00 GMT","x-frame-options":"DENY","strict-transport-security":"max-age=63072000"}

[info] [2024-10-08T13:50:29.404Z] : i .catalystrc file has be successfully created with project details.
[info] [2024-10-08T13:50:32.083Z] : 
===> Client Setup
[error] [2024-10-08T13:50:34.599Z] : × An unexpected error has occurred.
[debug] [2024-10-08T13:50:34.599Z] : Error Stack: CatalystError: An unexpected error has occurred.
    at exports.default (C:\Users\vigne\AppData\Roaming\npm\node_modules\zcatalyst-cli\lib\errorOut.js:12:17)
    at Command.<anonymous> (C:\Users\vigne\AppData\Roaming\npm\node_modules\zcatalyst-cli\lib\internal\command.js:161:40)
    at Generator.throw (<anonymous>)
    at rejected (C:\Users\vigne\AppData\Roaming\npm\node_modules\zcatalyst-cli\lib\internal\command.js:29:65)
    at process.processTicksAndRejections (node:internal/process/task_queues:95:5)
[debug] [2024-10-08T13:50:34.599Z] : Original Error: Error: 1
    at exports.default (C:\Users\vigne\AppData\Roaming\npm\node_modules\zcatalyst-cli\lib\errorOut.js:14:23)
    at Command.<anonymous> (C:\Users\vigne\AppData\Roaming\npm\node_modules\zcatalyst-cli\lib\internal\command.js:161:40)
    at Generator.throw (<anonymous>)
    at rejected (C:\Users\vigne\AppData\Roaming\npm\node_modules\zcatalyst-cli\lib\internal\command.js:29:65)
    at process.processTicksAndRejections (node:internal/process/task_queues:95:5)
[debug] [2024-10-08T13:50:34.599Z] : Error Status: 500
[info] [2024-10-08T13:50:34.600Z] : Kindly contact Catalyst support [support@zohocatalyst.com] if you need any further assistance
[debug] [2024-10-08T13:50:34.600Z] : EXEC ENDED with event: Error (Unexpected), message: 
[debug] [2024-10-08T13:50:34.600Z] : TOTAL DURATION OF COMMAND EXEC : 10810
[debug] [2024-10-08T13:50:34.607Z] : >>>> HTTP REQUEST : POST https://api.catalyst.zoho.in/baas/v1/cli/logs 
<request body omitted>

[debug] [2024-10-08T13:50:34.872Z] : <<<< HTTP RESPONSE : 400
Response Headers: {"server":"ZGS","date":"Tue, 08 Oct 2024 13:50:35 GMT","content-type":"application/json;charset=ISO-8859-1","content-length":"147","connection":"keep-alive","set-cookie":["zalb_3a750b85f1=99131cfabfda186b4fe68a16fb8fedd6; Path=/; Secure; HttpOnly","ZD_CSRF_TOKEN=5bdbf652-7fa7-491d-88c4-2fb40f37761a;path=/;SameSite=None;Secure;priority=high","_zcsr_tmp=5bdbf652-7fa7-491d-88c4-2fb40f37761a;path=/;SameSite=Strict;Secure;priority=high","JSESSIONID=E0C3E9141E5962495CBB2E5164467253; Path=/; Secure; HttpOnly"],"x-content-type-options":"nosniff","x-xss-protection":"1","x-frame-options":"DENY","strict-transport-security":"max-age=63072000"}

[debug] [2024-10-08T13:50:34.873Z] : Response Body : {"status":"failure","data":{"error_code":"INPUT_SIZE_MORE_THAN_ALLOWED","message":"Please check if the size of the input is in the correct range"}}

[debug] [2024-10-08T13:50:34.875Z] : Unable to send debug log to server: HTTP Error: 400, Please check if the size of the input is in the correct range
