[debug] [2024-10-06T15:54:11.142Z] : 
[debug] [2024-10-06T15:54:11.143Z] : ----------------------------------------------------------------------
[debug] [2024-10-06T15:54:11.144Z] : Command:      C:\Program Files\nodejs\node.exe C:\Users\vigne\AppData\Roaming\npm\node_modules\zcatalyst-cli\lib\bin\catalyst.js init --force
[debug] [2024-10-06T15:54:11.144Z] : CLI Version:  1.17.6
[debug] [2024-10-06T15:54:11.144Z] : Platform:     win32
[debug] [2024-10-06T15:54:11.145Z] : Node Version: v20.14.0
[debug] [2024-10-06T15:54:11.145Z] : Time:         Sun Oct 06 2024 21:24:11 GMT+0530 (India Standard Time)
[debug] [2024-10-06T15:54:11.145Z] : ----------------------------------------------------------------------
[debug] [2024-10-06T15:54:11.145Z] : 
[debug] [2024-10-06T15:54:11.828Z] : > authorizing via signed-in user option
[debug] [2024-10-06T15:54:11.829Z] : > command requires scopes: ["ZohoCatalyst.projects.ALL","ZohoCatalyst.projects.ALL","Stratus.sdkop.CREATE","Stratus.sdkop.READ","ZohoCatalyst.project.import.CREATE"]
[debug] [2024-10-06T15:54:11.843Z] : >>>> HTTP REQUEST : GET https://api.catalyst.zoho.in/baas/v1/project/6836000000111001 

[debug] [2024-10-06T15:54:12.045Z] : <<<< HTTP RESPONSE : 200
Response Headers: {"server":"ZGS","date":"Sun, 06 Oct 2024 15:54:11 GMT","content-type":"application/vnd.catalyst.v2+json","transfer-encoding":"chunked","connection":"keep-alive","set-cookie":["zalb_3a750b85f1=7c58023b2365c117e2ff9b6feb09efa2; Path=/; Secure; HttpOnly","ZD_CSRF_TOKEN=c05543a9-d8e6-44c9-a3fd-514c08a300de;path=/;SameSite=None;Secure;priority=high","_zcsr_tmp=c05543a9-d8e6-44c9-a3fd-514c08a300de;path=/;SameSite=Strict;Secure;priority=high"],"x-content-type-options":"nosniff","x-xss-protection":"1","cache-control":"private,no-cache,no-store,max-age=0,must-revalidate","pragma":"no-cache","expires":"Thu, 01 Jan 1970 00:00:00 GMT","x-frame-options":"DENY","strict-transport-security":"max-age=63072000"}

[debug] [2024-10-06T15:54:12.056Z] : >>>> HTTP REQUEST : GET https://api.catalyst.zoho.in/baas/v1/project/6836000000111001/environment 

[debug] [2024-10-06T15:54:12.118Z] : <<<< HTTP RESPONSE : 200
Response Headers: {"server":"ZGS","date":"Sun, 06 Oct 2024 15:54:11 GMT","content-type":"application/vnd.catalyst.v2+json","transfer-encoding":"chunked","connection":"keep-alive","set-cookie":["zalb_3a750b85f1=99131cfabfda186b4fe68a16fb8fedd6; Path=/; Secure; HttpOnly","ZD_CSRF_TOKEN=d2b9cbcf-0014-40e9-baed-b39a731e52eb;path=/;SameSite=None;Secure;priority=high","_zcsr_tmp=d2b9cbcf-0014-40e9-baed-b39a731e52eb;path=/;SameSite=Strict;Secure;priority=high"],"x-content-type-options":"nosniff","x-xss-protection":"1","cache-control":"private,no-cache,no-store,max-age=0,must-revalidate","pragma":"no-cache","expires":"Thu, 01 Jan 1970 00:00:00 GMT","x-frame-options":"DENY","strict-transport-security":"max-age=63072000"}

[info] [2024-10-06T15:54:12.127Z] : 
      ___  
      \  \     ____           _             _                 _   
   ___ \  \   / ___|   __ _  | |_    __ _  | |  _   _   ___  | |_ 
  /  / /  /  | |      / _` | | __|  / _` | | | | | | | / __| | __|
 /  / /__/   | |___  | (_| | | |_  | (_| | | | | |_| | \__ \ | |_ 
 \  \         \____|  \__,_|  \__|  \__,_| |_|  \__, | |___/  \__|
  \__\                                          |___/       

You're about to initialize a Catalyst project in this directory:

  C:\users\vigne\matrimony_app

Before we get started, keep in mind:

  * You are initializing in an existing Catalyst project directory

[debug] [2024-10-06T15:54:13.813Z] : >>>> HTTP REQUEST : GET https://api.catalyst.zoho.in/baas/v1/orgs 

[debug] [2024-10-06T15:54:13.859Z] : <<<< HTTP RESPONSE : 200
Response Headers: {"server":"ZGS","date":"Sun, 06 Oct 2024 15:54:13 GMT","content-type":"application/vnd.catalyst.v2+json","transfer-encoding":"chunked","connection":"keep-alive","set-cookie":["zalb_3a750b85f1=7c58023b2365c117e2ff9b6feb09efa2; Path=/; Secure; HttpOnly","ZD_CSRF_TOKEN=ad56b89b-7fa8-470c-a742-a9eced843776;path=/;SameSite=None;Secure;priority=high","_zcsr_tmp=ad56b89b-7fa8-470c-a742-a9eced843776;path=/;SameSite=Strict;Secure;priority=high"],"x-content-type-options":"nosniff","x-xss-protection":"1","cache-control":"private,no-cache,no-store,max-age=0,must-revalidate","pragma":"no-cache","expires":"Thu, 01 Jan 1970 00:00:00 GMT","x-frame-options":"DENY","strict-transport-security":"max-age=63072000"}

[info] [2024-10-06T15:54:13.862Z] : i Setting up a new default project for this folder

[debug] [2024-10-06T15:54:13.863Z] : >>>> HTTP REQUEST : GET https://api.catalyst.zoho.in/baas/v1/project 

[debug] [2024-10-06T15:54:13.919Z] : <<<< HTTP RESPONSE : 200
Response Headers: {"server":"ZGS","date":"Sun, 06 Oct 2024 15:54:13 GMT","content-type":"application/vnd.catalyst.v2+json","transfer-encoding":"chunked","connection":"keep-alive","set-cookie":["zalb_3a750b85f1=99131cfabfda186b4fe68a16fb8fedd6; Path=/; Secure; HttpOnly","ZD_CSRF_TOKEN=7356d189-1a0e-497c-884c-62333c914bb1;path=/;SameSite=None;Secure;priority=high","_zcsr_tmp=7356d189-1a0e-497c-884c-62333c914bb1;path=/;SameSite=Strict;Secure;priority=high"],"x-content-type-options":"nosniff","x-xss-protection":"1","cache-control":"private,no-cache,no-store,max-age=0,must-revalidate","pragma":"no-cache","expires":"Thu, 01 Jan 1970 00:00:00 GMT","x-frame-options":"DENY","strict-transport-security":"max-age=63072000"}

[debug] [2024-10-06T15:54:16.036Z] : >>>> HTTP REQUEST : GET https://api.catalyst.zoho.in/baas/v1/project/6836000000111001/environment 

[debug] [2024-10-06T15:54:16.081Z] : <<<< HTTP RESPONSE : 200
Response Headers: {"server":"ZGS","date":"Sun, 06 Oct 2024 15:54:15 GMT","content-type":"application/vnd.catalyst.v2+json","transfer-encoding":"chunked","connection":"keep-alive","set-cookie":["zalb_3a750b85f1=7c58023b2365c117e2ff9b6feb09efa2; Path=/; Secure; HttpOnly","ZD_CSRF_TOKEN=90770f9a-7651-43e4-96c2-fd66a59ed0aa;path=/;SameSite=None;Secure;priority=high","_zcsr_tmp=90770f9a-7651-43e4-96c2-fd66a59ed0aa;path=/;SameSite=Strict;Secure;priority=high"],"x-content-type-options":"nosniff","x-xss-protection":"1","cache-control":"private,no-cache,no-store,max-age=0,must-revalidate","pragma":"no-cache","expires":"Thu, 01 Jan 1970 00:00:00 GMT","x-frame-options":"DENY","strict-transport-security":"max-age=63072000"}

[info] [2024-10-06T15:54:16.089Z] : i .catalystrc file has be successfully created with project details.
[info] [2024-10-06T15:54:17.640Z] : 
===> Client Setup
[error] [2024-10-06T15:54:27.773Z] : × An unexpected error has occurred.
[debug] [2024-10-06T15:54:27.773Z] : Error Stack: CatalystError: An unexpected error has occurred.
    at exports.default (C:\Users\vigne\AppData\Roaming\npm\node_modules\zcatalyst-cli\lib\errorOut.js:12:17)
    at Command.<anonymous> (C:\Users\vigne\AppData\Roaming\npm\node_modules\zcatalyst-cli\lib\internal\command.js:161:40)
    at Generator.throw (<anonymous>)
    at rejected (C:\Users\vigne\AppData\Roaming\npm\node_modules\zcatalyst-cli\lib\internal\command.js:29:65)
    at process.processTicksAndRejections (node:internal/process/task_queues:95:5)
[debug] [2024-10-06T15:54:27.773Z] : Original Error: Error: 1
    at exports.default (C:\Users\vigne\AppData\Roaming\npm\node_modules\zcatalyst-cli\lib\errorOut.js:14:23)
    at Command.<anonymous> (C:\Users\vigne\AppData\Roaming\npm\node_modules\zcatalyst-cli\lib\internal\command.js:161:40)
    at Generator.throw (<anonymous>)
    at rejected (C:\Users\vigne\AppData\Roaming\npm\node_modules\zcatalyst-cli\lib\internal\command.js:29:65)
    at process.processTicksAndRejections (node:internal/process/task_queues:95:5)
[debug] [2024-10-06T15:54:27.773Z] : Error Status: 500
[info] [2024-10-06T15:54:27.774Z] : Kindly contact Catalyst support [support@zohocatalyst.com] if you need any further assistance
[debug] [2024-10-06T15:54:27.775Z] : EXEC ENDED with event: Error (Unexpected), message: 
[debug] [2024-10-06T15:54:27.775Z] : TOTAL DURATION OF COMMAND EXEC : 15957
[debug] [2024-10-06T15:54:27.784Z] : >>>> HTTP REQUEST : POST https://api.catalyst.zoho.in/baas/v1/cli/logs 
<request body omitted>

[debug] [2024-10-06T15:54:28.032Z] : <<<< HTTP RESPONSE : 200
Response Headers: {"server":"ZGS","date":"Sun, 06 Oct 2024 15:54:27 GMT","content-length":"0","connection":"keep-alive","set-cookie":["zalb_3a750b85f1=7c58023b2365c117e2ff9b6feb09efa2; Path=/; Secure; HttpOnly","ZD_CSRF_TOKEN=3ec451d6-fa52-4131-a434-c6bf7a2903e7;path=/;SameSite=None;Secure;priority=high","_zcsr_tmp=3ec451d6-fa52-4131-a434-c6bf7a2903e7;path=/;SameSite=Strict;Secure;priority=high"],"x-content-type-options":"nosniff","x-xss-protection":"1","cache-control":"private,no-cache,no-store,max-age=0,must-revalidate","pragma":"no-cache","expires":"Thu, 01 Jan 1970 00:00:00 GMT","x-frame-options":"DENY","strict-transport-security":"max-age=63072000"}

